<?xml version="1.0" encoding="UTF-8"?>
<testsuite name="Sanity"
           tests="2"
           failures="0"
           errors="0"
           skipped="0"
           time="40.839">
  <properties />
  
  
            <testcase name="verifyJobSearchResultUsingDifferentDataSet" time="7.379" classname="uk.co.library.testsuite.JobSearchTest" />
                <testcase name="verifyJobSearchResultUsingDifferentDataSet" time="33.460" classname="uk.co.library.testsuite.JobSearchTest" />
      
</testsuite>
